<?xml version="1.0" encoding="UTF-8"?>
<!-- Generated by org.testng.reporters.JUnitXMLReporter -->
<testsuite ignored="2" hostname="Abhijith" failures="1" tests="2" name="Test" time="17.705" errors="0" timestamp="2025-05-14T08:47:29 IST">
  <testcase classname="computers.TC_DWS_010_Test" name="clickOnComputers" time="1.114">
    <failure type="java.lang.AssertionError" message="Computers page is not displayed expected [Demo Web Shop. Comp] but found [Demo Web Shop. Computers]">
      <![CDATA[java.lang.AssertionError: Computers page is not displayed expected [Demo Web Shop. Comp] but found [Demo Web Shop. Computers]
at computers.TC_DWS_010_Test.clickOnComputers(TC_DWS_010_Test.java:19)
at java.base/java.util.ArrayList.forEach(ArrayList.java:1596)
... Removed 30 stack frames]]>
    </failure>
  </testcase> <!-- clickOnComputers -->
  <testcase classname="books.TC_DWS_001_Test" name="clickOnBooks" time="1.072"/>
  <testcase classname="genericutility.BaseClass" name="@AfterSuite reportBackup" time="0.0">
    <ignored/>
  </testcase> <!-- @AfterSuite reportBackup -->
  <testcase classname="genericutility.BaseClass" name="@BeforeSuite reportConfig" time="0.0">
    <ignored/>
  </testcase> <!-- @BeforeSuite reportConfig -->
</testsuite> <!-- Test -->
