<?xml version="1.0" encoding="UTF-8"?>
<testng-results ignored="0" total="2" passed="1" failed="1" skipped="0">
  <reporter-output>
  </reporter-output>
  <suite started-at="2025-05-14T08:47:11 IST" name="Suite" finished-at="2025-05-14T08:47:29 IST" duration-ms="17705">
    <groups>
    </groups>
    <test started-at="2025-05-14T08:47:11 IST" name="Test" finished-at="2025-05-14T08:47:29 IST" duration-ms="17705">
      <class name="computers.TC_DWS_010_Test">
        <test-method is-config="true" signature="reportConfig()[pri:0, instance:computers.TC_DWS_010_Test@5542c4ed]" started-at="2025-05-14T08:47:11 IST" name="reportConfig" finished-at="2025-05-14T08:47:11 IST" duration-ms="300" status="PASS">
          <reporter-output>
          </reporter-output>
        </test-method> <!-- reportConfig -->
        <test-method is-config="true" signature="openBrowser()[pri:0, instance:computers.TC_DWS_010_Test@5542c4ed]" started-at="2025-05-14T08:47:11 IST" name="openBrowser" finished-at="2025-05-14T08:47:16 IST" duration-ms="4889" status="PASS">
          <reporter-output>
          </reporter-output>
        </test-method> <!-- openBrowser -->
        <test-method is-config="true" signature="login()[pri:0, instance:computers.TC_DWS_010_Test@5542c4ed]" started-at="2025-05-14T08:47:16 IST" name="login" finished-at="2025-05-14T08:47:19 IST" duration-ms="2549" status="PASS">
          <reporter-output>
          </reporter-output>
        </test-method> <!-- login -->
        <test-method signature="clickOnComputers()[pri:0, instance:computers.TC_DWS_010_Test@5542c4ed]" started-at="2025-05-14T08:47:19 IST" name="clickOnComputers" finished-at="2025-05-14T08:47:20 IST" duration-ms="1114" status="FAIL">
          <exception class="java.lang.AssertionError">
            <message>
              <![CDATA[Computers page is not displayed expected [Demo Web Shop. Comp] but found [Demo Web Shop. Computers]]]>
            </message>
            <full-stacktrace>
              <![CDATA[java.lang.AssertionError: Computers page is not displayed expected [Demo Web Shop. Comp] but found [Demo Web Shop. Computers]
at org.testng.Assert.fail(Assert.java:111)
at org.testng.Assert.failNotEquals(Assert.java:1578)
at org.testng.Assert.assertEqualsImpl(Assert.java:150)
at org.testng.Assert.assertEquals(Assert.java:132)
at org.testng.Assert.assertEquals(Assert.java:656)
at computers.TC_DWS_010_Test.clickOnComputers(TC_DWS_010_Test.java:19)
at java.base/jdk.internal.reflect.DirectMethodHandleAccessor.invoke(DirectMethodHandleAccessor.java:103)
at java.base/java.lang.reflect.Method.invoke(Method.java:580)
at org.testng.internal.invokers.MethodInvocationHelper.invokeMethod(MethodInvocationHelper.java:141)
at org.testng.internal.invokers.TestInvoker.invokeMethod(TestInvoker.java:686)
at org.testng.internal.invokers.TestInvoker.invokeTestMethod(TestInvoker.java:230)
at org.testng.internal.invokers.MethodRunner.runInSequence(MethodRunner.java:63)
at org.testng.internal.invokers.TestInvoker$MethodInvocationAgent.invoke(TestInvoker.java:992)
at org.testng.internal.invokers.TestInvoker.invokeTestMethods(TestInvoker.java:203)
at org.testng.internal.invokers.TestMethodWorker.invokeTestMethods(TestMethodWorker.java:154)
at org.testng.internal.invokers.TestMethodWorker.run(TestMethodWorker.java:134)
at java.base/java.util.ArrayList.forEach(ArrayList.java:1596)
at org.testng.TestRunner.privateRun(TestRunner.java:739)
at org.testng.TestRunner.run(TestRunner.java:614)
at org.testng.SuiteRunner.runTest(SuiteRunner.java:421)
at org.testng.SuiteRunner.runSequentially(SuiteRunner.java:413)
at org.testng.SuiteRunner.privateRun(SuiteRunner.java:373)
at org.testng.SuiteRunner.run(SuiteRunner.java:312)
at org.testng.SuiteRunnerWorker.runSuite(SuiteRunnerWorker.java:52)
at org.testng.SuiteRunnerWorker.run(SuiteRunnerWorker.java:95)
at org.testng.TestNG.runSuitesSequentially(TestNG.java:1274)
at org.testng.TestNG.runSuitesLocally(TestNG.java:1208)
at org.testng.TestNG.runSuites(TestNG.java:1112)
at org.testng.TestNG.run(TestNG.java:1079)
at org.testng.remote.AbstractRemoteTestNG.run(AbstractRemoteTestNG.java:115)
at org.testng.remote.RemoteTestNG.initAndRun(RemoteTestNG.java:293)
at org.testng.remote.RemoteTestNG.main(RemoteTestNG.java:91)
]]>
            </full-stacktrace>
          </exception> <!-- java.lang.AssertionError -->
          <reporter-output>
          </reporter-output>
        </test-method> <!-- clickOnComputers -->
        <test-method is-config="true" signature="logout()[pri:0, instance:computers.TC_DWS_010_Test@5542c4ed]" started-at="2025-05-14T08:47:20 IST" name="logout" finished-at="2025-05-14T08:47:21 IST" duration-ms="844" status="PASS">
          <reporter-output>
          </reporter-output>
        </test-method> <!-- logout -->
        <test-method is-config="true" signature="closeBrowser()[pri:0, instance:computers.TC_DWS_010_Test@5542c4ed]" started-at="2025-05-14T08:47:21 IST" name="closeBrowser" finished-at="2025-05-14T08:47:21 IST" duration-ms="253" status="PASS">
          <reporter-output>
          </reporter-output>
        </test-method> <!-- closeBrowser -->
        <test-method is-config="true" signature="reportBackup()[pri:0, instance:computers.TC_DWS_010_Test@5542c4ed]" started-at="2025-05-14T08:47:29 IST" name="reportBackup" finished-at="2025-05-14T08:47:29 IST" duration-ms="322" status="PASS">
          <reporter-output>
          </reporter-output>
        </test-method> <!-- reportBackup -->
      </class> <!-- computers.TC_DWS_010_Test -->
      <class name="books.TC_DWS_001_Test">
        <test-method is-config="true" signature="openBrowser()[pri:0, instance:books.TC_DWS_001_Test@6a78afa0]" started-at="2025-05-14T08:47:21 IST" name="openBrowser" finished-at="2025-05-14T08:47:25 IST" duration-ms="3594" status="PASS">
          <reporter-output>
          </reporter-output>
        </test-method> <!-- openBrowser -->
        <test-method is-config="true" signature="login()[pri:0, instance:books.TC_DWS_001_Test@6a78afa0]" started-at="2025-05-14T08:47:25 IST" name="login" finished-at="2025-05-14T08:47:27 IST" duration-ms="2047" status="PASS">
          <reporter-output>
          </reporter-output>
        </test-method> <!-- login -->
        <test-method signature="clickOnBooks()[pri:0, instance:books.TC_DWS_001_Test@6a78afa0]" started-at="2025-05-14T08:47:27 IST" name="clickOnBooks" finished-at="2025-05-14T08:47:28 IST" duration-ms="1072" status="PASS">
          <reporter-output>
          </reporter-output>
        </test-method> <!-- clickOnBooks -->
        <test-method is-config="true" signature="logout()[pri:0, instance:books.TC_DWS_001_Test@6a78afa0]" started-at="2025-05-14T08:47:28 IST" name="logout" finished-at="2025-05-14T08:47:29 IST" duration-ms="867" status="PASS">
          <reporter-output>
          </reporter-output>
        </test-method> <!-- logout -->
        <test-method is-config="true" signature="closeBrowser()[pri:0, instance:books.TC_DWS_001_Test@6a78afa0]" started-at="2025-05-14T08:47:29 IST" name="closeBrowser" finished-at="2025-05-14T08:47:29 IST" duration-ms="188" status="PASS">
          <reporter-output>
          </reporter-output>
        </test-method> <!-- closeBrowser -->
      </class> <!-- books.TC_DWS_001_Test -->
    </test> <!-- Test -->
  </suite> <!-- Suite -->
</testng-results>
